1613919446042:add user
1613919458818:exit
1613919735085:help
1613919818091:help create-user
1613919919067:create-user
1613919993681:create-user vasya
1613920009929:create-user fedor
1613920016192:q
1613920022114:exit
1613920728338:crea
1613920739805:create-user fedor
1613920765083:create-user vasya
1613920775312:create-user vasilii
1613920780127:help
1613920793747:list-users
1613920828642:list-users -name vas
1613920841623:list-users --name vas
1613920995182:create-user vasya
1613921003857:create-user vasilii
1613921019968:list-users --name vas
1613921239470:list-users vas
1613921744151:help
1613921747805:exit
1613922339853:create-user vasya
1613922352935:create-user vasili
1613922365176:find-user
1613922372647:exit
1613922751213:create-user uri-on-ice
1613922911341:exit
